[debug] [2021-03-05T09:14:58.037Z] ----------------------------------------------------------------------
[debug] [2021-03-05T09:14:58.039Z] Command:       C:\Program Files\nodejs\node.exe C:\Users\DiogoCunha\AppData\Roaming\npm\node_modules\firebase-tools\lib\bin\firebase.js init
[debug] [2021-03-05T09:14:58.040Z] CLI Version:   9.3.0
[debug] [2021-03-05T09:14:58.040Z] Platform:      win32
[debug] [2021-03-05T09:14:58.040Z] Node Version:  v12.18.3
[debug] [2021-03-05T09:14:58.041Z] Time:          Fri Mar 05 2021 09:14:58 GMT+0000 (GMT)
[debug] [2021-03-05T09:14:58.042Z] ----------------------------------------------------------------------
[debug] [2021-03-05T09:14:58.042Z] 
[debug] [2021-03-05T09:14:58.048Z] > command requires scopes: ["email","openid","https://www.googleapis.com/auth/cloudplatformprojects.readonly","https://www.googleapis.com/auth/firebase","https://www.googleapis.com/auth/cloud-platform"]
[debug] [2021-03-05T09:14:58.049Z] > authorizing via signed-in user
[info] 
     ######## #### ########  ######## ########     ###     ######  ########
     ##        ##  ##     ## ##       ##     ##  ##   ##  ##       ##
     ######    ##  ########  ######   ########  #########  ######  ######
     ##        ##  ##    ##  ##       ##     ## ##     ##       ## ##
     ##       #### ##     ## ######## ########  ##     ##  ######  ########

You're about to initialize a Firebase project in this directory:

  C:\Users\DiogoCunha\Documents\GitHub\witech

[info] 
=== Project Setup
[info] 
[info] First, let's associate this project directory with a Firebase project.
[info] You can create multiple project aliases by running firebase use --add, 
[info] but for now we'll just set up a default project.
[info] 
[debug] [2021-03-05T09:15:05.969Z] >>> [apiv2][query] GET https://firebase.googleapis.com/v1beta1/projects pageSize=100
[debug] [2021-03-05T09:15:06.323Z] <<< [apiv2][status] GET https://firebase.googleapis.com/v1beta1/projects 200
[debug] [2021-03-05T09:15:06.323Z] <<< [apiv2][body] GET https://firebase.googleapis.com/v1beta1/projects [omitted]
[debug] [2021-03-05T09:15:15.087Z] ----------------------------------------------------------------------
[debug] [2021-03-05T09:15:15.090Z] Command:       C:\Program Files\nodejs\node.exe C:\Users\DiogoCunha\AppData\Roaming\npm\node_modules\firebase-tools\lib\bin\firebase.js init
[debug] [2021-03-05T09:15:15.090Z] CLI Version:   9.3.0
[debug] [2021-03-05T09:15:15.090Z] Platform:      win32
[debug] [2021-03-05T09:15:15.090Z] Node Version:  v12.18.3
[debug] [2021-03-05T09:15:15.091Z] Time:          Fri Mar 05 2021 09:15:15 GMT+0000 (GMT)
[debug] [2021-03-05T09:15:15.092Z] ----------------------------------------------------------------------
[debug] [2021-03-05T09:15:15.092Z] 
[debug] [2021-03-05T09:15:15.098Z] > command requires scopes: ["email","openid","https://www.googleapis.com/auth/cloudplatformprojects.readonly","https://www.googleapis.com/auth/firebase","https://www.googleapis.com/auth/cloud-platform"]
[debug] [2021-03-05T09:15:15.099Z] > authorizing via signed-in user
[info] 
     ######## #### ########  ######## ########     ###     ######  ########
     ##        ##  ##     ## ##       ##     ##  ##   ##  ##       ##
     ######    ##  ########  ######   ########  #########  ######  ######
     ##        ##  ##    ##  ##       ##     ## ##     ##       ## ##
     ##       #### ##     ## ######## ########  ##     ##  ######  ########

You're about to initialize a Firebase project in this directory:

  C:\Users\DiogoCunha\Documents\GitHub\witech

[info] 
=== Project Setup
[info] 
[info] First, let's associate this project directory with a Firebase project.
[info] You can create multiple project aliases by running firebase use --add, 
[info] but for now we'll just set up a default project.
[info] 
[info] i  If you want to create a project in a Google Cloud organization or folder, please use "firebase projects:create" instead, and return to this command when you've created the project. 
